{"C:\\Users\\Sodiq Aderibigbe\\Repos\\ToDo-List\\src\\modules\\add-remove.js": {"path":"C:\\Users\\Sodiq Aderibigbe\\Repos\\ToDo-List\\src\\modules\\add-remove.js","statementMap":{"0":{"start":{"line":6,"column":22},"end":{"line":6,"column":63}},"1":{"start":{"line":7,"column":17},"end":{"line":7,"column":49}},"2":{"start":{"line":8,"column":20},"end":{"line":8,"column":56}},"3":{"start":{"line":9,"column":16},"end":{"line":9,"column":50}},"4":{"start":{"line":12,"column":4},"end":{"line":12,"column":68}},"5":{"start":{"line":16,"column":23},"end":{"line":16,"column":24}},"6":{"start":{"line":17,"column":4},"end":{"line":20,"column":7}},"7":{"start":{"line":18,"column":6},"end":{"line":18,"column":32}},"8":{"start":{"line":19,"column":6},"end":{"line":19,"column":24}},"9":{"start":{"line":21,"column":4},"end":{"line":21,"column":65}},"10":{"start":{"line":25,"column":4},"end":{"line":32,"column":7}},"11":{"start":{"line":26,"column":6},"end":{"line":26,"column":73}},"12":{"start":{"line":26,"column":47},"end":{"line":26,"column":71}},"13":{"start":{"line":27,"column":6},"end":{"line":27,"column":35}},"14":{"start":{"line":28,"column":6},"end":{"line":30,"column":9}},"15":{"start":{"line":29,"column":8},"end":{"line":29,"column":57}},"16":{"start":{"line":31,"column":6},"end":{"line":31,"column":67}},"17":{"start":{"line":36,"column":4},"end":{"line":36,"column":65}},"18":{"start":{"line":36,"column":43},"end":{"line":36,"column":63}},"19":{"start":{"line":37,"column":4},"end":{"line":37,"column":22}},"20":{"start":{"line":38,"column":4},"end":{"line":38,"column":19}},"21":{"start":{"line":39,"column":4},"end":{"line":39,"column":65}},"22":{"start":{"line":43,"column":26},"end":{"line":43,"column":67}},"23":{"start":{"line":44,"column":4},"end":{"line":68,"column":6}},"24":{"start":{"line":45,"column":6},"end":{"line":67,"column":7}},"25":{"start":{"line":46,"column":8},"end":{"line":55,"column":7}},"26":{"start":{"line":57,"column":8},"end":{"line":66,"column":7}},"27":{"start":{"line":70,"column":4},"end":{"line":70,"column":65}},"28":{"start":{"line":73,"column":21},"end":{"line":73,"column":56}},"29":{"start":{"line":74,"column":4},"end":{"line":74,"column":45}},"30":{"start":{"line":77,"column":22},"end":{"line":77,"column":58}},"31":{"start":{"line":78,"column":4},"end":{"line":83,"column":7}},"32":{"start":{"line":79,"column":6},"end":{"line":82,"column":9}},"33":{"start":{"line":80,"column":8},"end":{"line":80,"column":36}},"34":{"start":{"line":81,"column":8},"end":{"line":81,"column":54}},"35":{"start":{"line":86,"column":24},"end":{"line":86,"column":62}},"36":{"start":{"line":87,"column":4},"end":{"line":99,"column":7}},"37":{"start":{"line":88,"column":6},"end":{"line":90,"column":9}},"38":{"start":{"line":89,"column":8},"end":{"line":89,"column":39}},"39":{"start":{"line":91,"column":6},"end":{"line":93,"column":9}},"40":{"start":{"line":92,"column":8},"end":{"line":92,"column":32}},"41":{"start":{"line":94,"column":6},"end":{"line":98,"column":9}},"42":{"start":{"line":95,"column":8},"end":{"line":97,"column":9}},"43":{"start":{"line":96,"column":10},"end":{"line":96,"column":34}},"44":{"start":{"line":103,"column":4},"end":{"line":108,"column":5}},"45":{"start":{"line":104,"column":20},"end":{"line":104,"column":64}},"46":{"start":{"line":105,"column":6},"end":{"line":107,"column":9}},"47":{"start":{"line":106,"column":8},"end":{"line":106,"column":57}},"48":{"start":{"line":112,"column":21},"end":{"line":116,"column":5}},"49":{"start":{"line":117,"column":4},"end":{"line":117,"column":30}},"50":{"start":{"line":118,"column":4},"end":{"line":118,"column":19}},"51":{"start":{"line":119,"column":4},"end":{"line":119,"column":65}},"52":{"start":{"line":123,"column":28},"end":{"line":123,"column":67}},"53":{"start":{"line":124,"column":21},"end":{"line":124,"column":57}},"54":{"start":{"line":125,"column":4},"end":{"line":136,"column":6}},"55":{"start":{"line":126,"column":6},"end":{"line":134,"column":7}},"56":{"start":{"line":127,"column":8},"end":{"line":127,"column":46}},"57":{"start":{"line":128,"column":8},"end":{"line":130,"column":17}},"58":{"start":{"line":129,"column":10},"end":{"line":129,"column":47}},"59":{"start":{"line":132,"column":8},"end":{"line":132,"column":47}},"60":{"start":{"line":133,"column":8},"end":{"line":133,"column":35}},"61":{"start":{"line":138,"column":4},"end":{"line":150,"column":7}},"62":{"start":{"line":139,"column":6},"end":{"line":149,"column":7}},"63":{"start":{"line":140,"column":8},"end":{"line":148,"column":9}},"64":{"start":{"line":141,"column":10},"end":{"line":141,"column":48}},"65":{"start":{"line":142,"column":10},"end":{"line":144,"column":19}},"66":{"start":{"line":143,"column":12},"end":{"line":143,"column":49}},"67":{"start":{"line":146,"column":10},"end":{"line":146,"column":49}},"68":{"start":{"line":147,"column":10},"end":{"line":147,"column":37}},"69":{"start":{"line":152,"column":4},"end":{"line":152,"column":42}},"70":{"start":{"line":153,"column":4},"end":{"line":153,"column":65}},"71":{"start":{"line":154,"column":4},"end":{"line":154,"column":33}},"72":{"start":{"line":156,"column":4},"end":{"line":156,"column":43}}},"fnMap":{"0":{"name":"(anonymous_0)","decl":{"start":{"line":11,"column":2},"end":{"line":11,"column":3}},"loc":{"start":{"line":11,"column":16},"end":{"line":13,"column":3}},"line":11},"1":{"name":"(anonymous_1)","decl":{"start":{"line":15,"column":2},"end":{"line":15,"column":3}},"loc":{"start":{"line":15,"column":15},"end":{"line":22,"column":3}},"line":15},"2":{"name":"(anonymous_2)","decl":{"start":{"line":17,"column":23},"end":{"line":17,"column":24}},"loc":{"start":{"line":17,"column":33},"end":{"line":20,"column":5}},"line":17},"3":{"name":"(anonymous_3)","decl":{"start":{"line":24,"column":2},"end":{"line":24,"column":3}},"loc":{"start":{"line":24,"column":30},"end":{"line":33,"column":3}},"line":24},"4":{"name":"(anonymous_4)","decl":{"start":{"line":25,"column":37},"end":{"line":25,"column":38}},"loc":{"start":{"line":25,"column":43},"end":{"line":32,"column":5}},"line":25},"5":{"name":"(anonymous_5)","decl":{"start":{"line":26,"column":37},"end":{"line":26,"column":38}},"loc":{"start":{"line":26,"column":47},"end":{"line":26,"column":71}},"line":26},"6":{"name":"(anonymous_6)","decl":{"start":{"line":28,"column":25},"end":{"line":28,"column":26}},"loc":{"start":{"line":28,"column":35},"end":{"line":30,"column":7}},"line":28},"7":{"name":"(anonymous_7)","decl":{"start":{"line":35,"column":2},"end":{"line":35,"column":3}},"loc":{"start":{"line":35,"column":20},"end":{"line":40,"column":3}},"line":35},"8":{"name":"(anonymous_8)","decl":{"start":{"line":36,"column":35},"end":{"line":36,"column":36}},"loc":{"start":{"line":36,"column":43},"end":{"line":36,"column":63}},"line":36},"9":{"name":"(anonymous_9)","decl":{"start":{"line":42,"column":2},"end":{"line":42,"column":3}},"loc":{"start":{"line":42,"column":12},"end":{"line":100,"column":3}},"line":42},"10":{"name":"(anonymous_10)","decl":{"start":{"line":44,"column":23},"end":{"line":44,"column":24}},"loc":{"start":{"line":44,"column":31},"end":{"line":68,"column":5}},"line":44},"11":{"name":"(anonymous_11)","decl":{"start":{"line":78,"column":22},"end":{"line":78,"column":23}},"loc":{"start":{"line":78,"column":31},"end":{"line":83,"column":5}},"line":78},"12":{"name":"(anonymous_12)","decl":{"start":{"line":79,"column":36},"end":{"line":79,"column":37}},"loc":{"start":{"line":79,"column":42},"end":{"line":82,"column":7}},"line":79},"13":{"name":"(anonymous_13)","decl":{"start":{"line":87,"column":24},"end":{"line":87,"column":25}},"loc":{"start":{"line":87,"column":35},"end":{"line":99,"column":5}},"line":87},"14":{"name":"(anonymous_14)","decl":{"start":{"line":88,"column":38},"end":{"line":88,"column":39}},"loc":{"start":{"line":88,"column":44},"end":{"line":90,"column":7}},"line":88},"15":{"name":"(anonymous_15)","decl":{"start":{"line":91,"column":37},"end":{"line":91,"column":38}},"loc":{"start":{"line":91,"column":43},"end":{"line":93,"column":7}},"line":91},"16":{"name":"(anonymous_16)","decl":{"start":{"line":94,"column":40},"end":{"line":94,"column":41}},"loc":{"start":{"line":94,"column":47},"end":{"line":98,"column":7}},"line":94},"17":{"name":"(anonymous_17)","decl":{"start":{"line":102,"column":2},"end":{"line":102,"column":3}},"loc":{"start":{"line":102,"column":26},"end":{"line":109,"column":3}},"line":102},"18":{"name":"(anonymous_18)","decl":{"start":{"line":105,"column":20},"end":{"line":105,"column":21}},"loc":{"start":{"line":105,"column":30},"end":{"line":107,"column":7}},"line":105},"19":{"name":"(anonymous_19)","decl":{"start":{"line":111,"column":2},"end":{"line":111,"column":3}},"loc":{"start":{"line":111,"column":19},"end":{"line":120,"column":3}},"line":111},"20":{"name":"(anonymous_20)","decl":{"start":{"line":122,"column":2},"end":{"line":122,"column":3}},"loc":{"start":{"line":122,"column":23},"end":{"line":157,"column":3}},"line":122},"21":{"name":"(anonymous_21)","decl":{"start":{"line":125,"column":39},"end":{"line":125,"column":40}},"loc":{"start":{"line":125,"column":45},"end":{"line":135,"column":5}},"line":125},"22":{"name":"(anonymous_22)","decl":{"start":{"line":128,"column":19},"end":{"line":128,"column":20}},"loc":{"start":{"line":128,"column":25},"end":{"line":130,"column":9}},"line":128},"23":{"name":"(anonymous_23)","decl":{"start":{"line":138,"column":48},"end":{"line":138,"column":49}},"loc":{"start":{"line":138,"column":55},"end":{"line":150,"column":5}},"line":138},"24":{"name":"(anonymous_24)","decl":{"start":{"line":142,"column":21},"end":{"line":142,"column":22}},"loc":{"start":{"line":142,"column":27},"end":{"line":144,"column":11}},"line":142}},"branchMap":{"0":{"loc":{"start":{"line":12,"column":17},"end":{"line":12,"column":67}},"type":"binary-expr","locations":[{"start":{"line":12,"column":17},"end":{"line":12,"column":61}},{"start":{"line":12,"column":65},"end":{"line":12,"column":67}}],"line":12},"1":{"loc":{"start":{"line":45,"column":6},"end":{"line":67,"column":7}},"type":"if","locations":[{"start":{"line":45,"column":6},"end":{"line":67,"column":7}},{"start":{"line":56,"column":13},"end":{"line":67,"column":7}}],"line":45},"2":{"loc":{"start":{"line":95,"column":8},"end":{"line":97,"column":9}},"type":"if","locations":[{"start":{"line":95,"column":8},"end":{"line":97,"column":9}},{"start":{},"end":{}}],"line":95},"3":{"loc":{"start":{"line":103,"column":4},"end":{"line":108,"column":5}},"type":"if","locations":[{"start":{"line":103,"column":4},"end":{"line":108,"column":5}},{"start":{},"end":{}}],"line":103},"4":{"loc":{"start":{"line":113,"column":13},"end":{"line":113,"column":62}},"type":"cond-expr","locations":[{"start":{"line":113,"column":37},"end":{"line":113,"column":38}},{"start":{"line":113,"column":41},"end":{"line":113,"column":62}}],"line":113},"5":{"loc":{"start":{"line":126,"column":6},"end":{"line":134,"column":7}},"type":"if","locations":[{"start":{"line":126,"column":6},"end":{"line":134,"column":7}},{"start":{"line":131,"column":13},"end":{"line":134,"column":7}}],"line":126},"6":{"loc":{"start":{"line":139,"column":6},"end":{"line":149,"column":7}},"type":"if","locations":[{"start":{"line":139,"column":6},"end":{"line":149,"column":7}},{"start":{},"end":{}}],"line":139},"7":{"loc":{"start":{"line":140,"column":8},"end":{"line":148,"column":9}},"type":"if","locations":[{"start":{"line":140,"column":8},"end":{"line":148,"column":9}},{"start":{"line":145,"column":15},"end":{"line":148,"column":9}}],"line":140}},"s":{"0":1,"1":1,"2":1,"3":1,"4":2,"5":1,"6":1,"7":4,"8":4,"9":1,"10":0,"11":0,"12":0,"13":0,"14":0,"15":0,"16":0,"17":1,"18":5,"19":1,"20":1,"21":1,"22":6,"23":6,"24":19,"25":0,"26":19,"27":6,"28":6,"29":6,"30":6,"31":6,"32":54,"33":0,"34":0,"35":6,"36":6,"37":54,"38":0,"39":54,"40":0,"41":54,"42":0,"43":0,"44":0,"45":0,"46":0,"47":0,"48":5,"49":5,"50":5,"51":5,"52":0,"53":0,"54":0,"55":0,"56":0,"57":0,"58":0,"59":0,"60":0,"61":0,"62":0,"63":0,"64":0,"65":0,"66":0,"67":0,"68":0,"69":0,"70":0,"71":0,"72":0},"f":{"0":2,"1":1,"2":4,"3":0,"4":0,"5":0,"6":0,"7":1,"8":5,"9":6,"10":19,"11":54,"12":0,"13":54,"14":0,"15":0,"16":0,"17":0,"18":0,"19":5,"20":0,"21":0,"22":0,"23":0,"24":0},"b":{"0":[2,1],"1":[0,19],"2":[0,0],"3":[0,0],"4":[1,4],"5":[0,0],"6":[0,0],"7":[0,0]},"_coverageSchema":"1a1c01bbd47fc00a2c39e90264f33305004495a9","hash":"1f46cb839502d82430975d066f7faee85b8bd68e"}
,"C:\\Users\\Sodiq Aderibigbe\\Repos\\ToDo-List\\src\\modules\\interactive-page.js": {"path":"C:\\Users\\Sodiq Aderibigbe\\Repos\\ToDo-List\\src\\modules\\interactive-page.js","statementMap":{"0":{"start":{"line":1,"column":34},"end":{"line":17,"column":1}},"1":{"start":{"line":2,"column":2},"end":{"line":16,"column":5}},"2":{"start":{"line":3,"column":4},"end":{"line":15,"column":7}},"3":{"start":{"line":4,"column":21},"end":{"line":6,"column":7}},"4":{"start":{"line":5,"column":18},"end":{"line":5,"column":66}},"5":{"start":{"line":7,"column":6},"end":{"line":13,"column":7}},"6":{"start":{"line":8,"column":8},"end":{"line":8,"column":53}},"7":{"start":{"line":9,"column":8},"end":{"line":9,"column":52}},"8":{"start":{"line":11,"column":8},"end":{"line":11,"column":56}},"9":{"start":{"line":12,"column":8},"end":{"line":12,"column":53}},"10":{"start":{"line":14,"column":6},"end":{"line":14,"column":62}},"11":{"start":{"line":19,"column":30},"end":{"line":24,"column":1}},"12":{"start":{"line":20,"column":2},"end":{"line":23,"column":5}},"13":{"start":{"line":21,"column":4},"end":{"line":21,"column":29}},"14":{"start":{"line":22,"column":4},"end":{"line":22,"column":25}},"15":{"start":{"line":26,"column":27},"end":{"line":43,"column":1}},"16":{"start":{"line":27,"column":2},"end":{"line":34,"column":3}},"17":{"start":{"line":28,"column":4},"end":{"line":28,"column":27}},"18":{"start":{"line":29,"column":4},"end":{"line":29,"column":35}},"19":{"start":{"line":30,"column":4},"end":{"line":30,"column":34}},"20":{"start":{"line":32,"column":4},"end":{"line":32,"column":34}},"21":{"start":{"line":33,"column":4},"end":{"line":33,"column":27}},"22":{"start":{"line":36,"column":2},"end":{"line":42,"column":5}},"23":{"start":{"line":37,"column":19},"end":{"line":39,"column":5}},"24":{"start":{"line":38,"column":16},"end":{"line":38,"column":47}},"25":{"start":{"line":40,"column":4},"end":{"line":40,"column":57}},"26":{"start":{"line":41,"column":4},"end":{"line":41,"column":60}},"27":{"start":{"line":45,"column":32},"end":{"line":54,"column":1}},"28":{"start":{"line":46,"column":2},"end":{"line":53,"column":3}},"29":{"start":{"line":47,"column":4},"end":{"line":47,"column":32}},"30":{"start":{"line":48,"column":4},"end":{"line":48,"column":37}},"31":{"start":{"line":49,"column":4},"end":{"line":49,"column":26}},"32":{"start":{"line":51,"column":4},"end":{"line":51,"column":37}},"33":{"start":{"line":52,"column":4},"end":{"line":52,"column":26}}},"fnMap":{"0":{"name":"(anonymous_0)","decl":{"start":{"line":1,"column":34},"end":{"line":1,"column":35}},"loc":{"start":{"line":1,"column":55},"end":{"line":17,"column":1}},"line":1},"1":{"name":"(anonymous_1)","decl":{"start":{"line":2,"column":19},"end":{"line":2,"column":20}},"loc":{"start":{"line":2,"column":28},"end":{"line":16,"column":3}},"line":2},"2":{"name":"(anonymous_2)","decl":{"start":{"line":3,"column":35},"end":{"line":3,"column":36}},"loc":{"start":{"line":3,"column":41},"end":{"line":15,"column":5}},"line":3},"3":{"name":"(anonymous_3)","decl":{"start":{"line":5,"column":8},"end":{"line":5,"column":9}},"loc":{"start":{"line":5,"column":18},"end":{"line":5,"column":66}},"line":5},"4":{"name":"(anonymous_4)","decl":{"start":{"line":19,"column":30},"end":{"line":19,"column":31}},"loc":{"start":{"line":19,"column":53},"end":{"line":24,"column":1}},"line":19},"5":{"name":"(anonymous_5)","decl":{"start":{"line":20,"column":35},"end":{"line":20,"column":36}},"loc":{"start":{"line":20,"column":41},"end":{"line":23,"column":3}},"line":20},"6":{"name":"(anonymous_6)","decl":{"start":{"line":26,"column":27},"end":{"line":26,"column":28}},"loc":{"start":{"line":26,"column":45},"end":{"line":43,"column":1}},"line":26},"7":{"name":"(anonymous_7)","decl":{"start":{"line":36,"column":35},"end":{"line":36,"column":36}},"loc":{"start":{"line":36,"column":41},"end":{"line":42,"column":3}},"line":36},"8":{"name":"(anonymous_8)","decl":{"start":{"line":38,"column":6},"end":{"line":38,"column":7}},"loc":{"start":{"line":38,"column":16},"end":{"line":38,"column":47}},"line":38},"9":{"name":"(anonymous_9)","decl":{"start":{"line":45,"column":32},"end":{"line":45,"column":33}},"loc":{"start":{"line":45,"column":43},"end":{"line":54,"column":1}},"line":45}},"branchMap":{"0":{"loc":{"start":{"line":7,"column":6},"end":{"line":13,"column":7}},"type":"if","locations":[{"start":{"line":7,"column":6},"end":{"line":13,"column":7}},{"start":{"line":10,"column":13},"end":{"line":13,"column":7}}],"line":7},"1":{"loc":{"start":{"line":27,"column":2},"end":{"line":34,"column":3}},"type":"if","locations":[{"start":{"line":27,"column":2},"end":{"line":34,"column":3}},{"start":{"line":31,"column":9},"end":{"line":34,"column":3}}],"line":27},"2":{"loc":{"start":{"line":46,"column":2},"end":{"line":53,"column":3}},"type":"if","locations":[{"start":{"line":46,"column":2},"end":{"line":53,"column":3}},{"start":{"line":50,"column":9},"end":{"line":53,"column":3}}],"line":46}},"s":{"0":1,"1":6,"2":54,"3":0,"4":0,"5":0,"6":0,"7":0,"8":0,"9":0,"10":0,"11":1,"12":0,"13":0,"14":0,"15":1,"16":0,"17":0,"18":0,"19":0,"20":0,"21":0,"22":0,"23":0,"24":0,"25":0,"26":0,"27":1,"28":0,"29":0,"30":0,"31":0,"32":0,"33":0},"f":{"0":6,"1":54,"2":0,"3":0,"4":0,"5":0,"6":0,"7":0,"8":0,"9":0},"b":{"0":[0,0],"1":[0,0],"2":[0,0]},"_coverageSchema":"1a1c01bbd47fc00a2c39e90264f33305004495a9","hash":"543faac4f92f12d9ec00bd28aacfe2c06fde9b13"}
}
