TN:
SF:src\modules\add-remove.js
FN:11,(anonymous_0)
FN:15,(anonymous_1)
FN:17,(anonymous_2)
FN:24,(anonymous_3)
FN:25,(anonymous_4)
FN:26,(anonymous_5)
FN:28,(anonymous_6)
FN:35,(anonymous_7)
FN:36,(anonymous_8)
FN:42,(anonymous_9)
FN:44,(anonymous_10)
FN:78,(anonymous_11)
FN:79,(anonymous_12)
FN:87,(anonymous_13)
FN:88,(anonymous_14)
FN:91,(anonymous_15)
FN:94,(anonymous_16)
FN:102,(anonymous_17)
FN:105,(anonymous_18)
FN:111,(anonymous_19)
FN:122,(anonymous_20)
FN:125,(anonymous_21)
FN:128,(anonymous_22)
FN:138,(anonymous_23)
FN:142,(anonymous_24)
FNF:25
FNH:10
FNDA:2,(anonymous_0)
FNDA:1,(anonymous_1)
FNDA:4,(anonymous_2)
FNDA:0,(anonymous_3)
FNDA:0,(anonymous_4)
FNDA:0,(anonymous_5)
FNDA:0,(anonymous_6)
FNDA:1,(anonymous_7)
FNDA:5,(anonymous_8)
FNDA:6,(anonymous_9)
FNDA:19,(anonymous_10)
FNDA:54,(anonymous_11)
FNDA:0,(anonymous_12)
FNDA:54,(anonymous_13)
FNDA:0,(anonymous_14)
FNDA:0,(anonymous_15)
FNDA:0,(anonymous_16)
FNDA:0,(anonymous_17)
FNDA:0,(anonymous_18)
FNDA:5,(anonymous_19)
FNDA:0,(anonymous_20)
FNDA:0,(anonymous_21)
FNDA:0,(anonymous_22)
FNDA:0,(anonymous_23)
FNDA:0,(anonymous_24)
DA:6,1
DA:7,1
DA:8,1
DA:9,1
DA:12,2
DA:16,1
DA:17,1
DA:18,4
DA:19,4
DA:21,1
DA:25,0
DA:26,0
DA:27,0
DA:28,0
DA:29,0
DA:31,0
DA:36,5
DA:37,1
DA:38,1
DA:39,1
DA:43,6
DA:44,6
DA:45,19
DA:46,0
DA:57,19
DA:70,6
DA:73,6
DA:74,6
DA:77,6
DA:78,6
DA:79,54
DA:80,0
DA:81,0
DA:86,6
DA:87,6
DA:88,54
DA:89,0
DA:91,54
DA:92,0
DA:94,54
DA:95,0
DA:96,0
DA:103,0
DA:104,0
DA:105,0
DA:106,0
DA:112,5
DA:117,5
DA:118,5
DA:119,5
DA:123,0
DA:124,0
DA:125,0
DA:126,0
DA:127,0
DA:128,0
DA:129,0
DA:132,0
DA:133,0
DA:138,0
DA:139,0
DA:140,0
DA:141,0
DA:142,0
DA:143,0
DA:146,0
DA:147,0
DA:152,0
DA:153,0
DA:154,0
DA:156,0
LF:71
LH:33
BRDA:12,0,0,2
BRDA:12,0,1,1
BRDA:45,1,0,0
BRDA:45,1,1,19
BRDA:95,2,0,0
BRDA:95,2,1,0
BRDA:103,3,0,0
BRDA:103,3,1,0
BRDA:113,4,0,1
BRDA:113,4,1,4
BRDA:126,5,0,0
BRDA:126,5,1,0
BRDA:139,6,0,0
BRDA:139,6,1,0
BRDA:140,7,0,0
BRDA:140,7,1,0
BRF:16
BRH:5
end_of_record
TN:
SF:src\modules\interactive-page.js
FN:1,(anonymous_0)
FN:2,(anonymous_1)
FN:3,(anonymous_2)
FN:5,(anonymous_3)
FN:19,(anonymous_4)
FN:20,(anonymous_5)
FN:26,(anonymous_6)
FN:36,(anonymous_7)
FN:38,(anonymous_8)
FN:45,(anonymous_9)
FNF:10
FNH:2
FNDA:6,(anonymous_0)
FNDA:54,(anonymous_1)
FNDA:0,(anonymous_2)
FNDA:0,(anonymous_3)
FNDA:0,(anonymous_4)
FNDA:0,(anonymous_5)
FNDA:0,(anonymous_6)
FNDA:0,(anonymous_7)
FNDA:0,(anonymous_8)
FNDA:0,(anonymous_9)
DA:1,1
DA:2,6
DA:3,54
DA:4,0
DA:5,0
DA:7,0
DA:8,0
DA:9,0
DA:11,0
DA:12,0
DA:14,0
DA:19,1
DA:20,0
DA:21,0
DA:22,0
DA:26,1
DA:27,0
DA:28,0
DA:29,0
DA:30,0
DA:32,0
DA:33,0
DA:36,0
DA:37,0
DA:38,0
DA:40,0
DA:41,0
DA:45,1
DA:46,0
DA:47,0
DA:48,0
DA:49,0
DA:51,0
DA:52,0
LF:34
LH:6
BRDA:7,0,0,0
BRDA:7,0,1,0
BRDA:27,1,0,0
BRDA:27,1,1,0
BRDA:46,2,0,0
BRDA:46,2,1,0
BRF:6
BRH:0
end_of_record
